#
# There is insufficient memory for the Java Runtime Environment to continue.
# Native memory allocation (mmap) failed to map 132120576 bytes for G1 virtual space
# Possible reasons:
#   The system is out of physical RAM or swap space
#   The process is running with CompressedOops enabled, and the Java Heap may be blocking the growth of the native heap
# Possible solutions:
#   Reduce memory load on the system
#   Increase physical memory or swap space
#   Check if swap backing store is full
#   Decrease Java heap size (-Xmx/-Xms)
#   Decrease number of Java threads
#   Decrease Java thread stack sizes (-Xss)
#   Set larger code cache with -XX:ReservedCodeCacheSize=
#   JVM is running with Unscaled Compressed Oops mode in which the Java heap is
#     placed in the first 4GB address space. The Java Heap base address is the
#     maximum limit for the native heap growth. Please use -XX:HeapBaseMinAddress
#     to set the Java Heap base and to place the Java Heap above 4GB virtual address.
# This output file may be truncated or incomplete.
#
#  Out of Memory Error (os_windows.cpp:3760), pid=23556, tid=25268
#
# JRE version:  (17.0.5+1) (build )
# Java VM: OpenJDK 64-Bit Server VM (17.0.5+1-b653.23, mixed mode, sharing, tiered, compressed oops, compressed class ptrs, g1 gc, windows-amd64)
# No core dump will be written. Minidumps are not enabled by default on client versions of Windows
#

---------------  S U M M A R Y ------------

Command Line: git4idea.http.GitAskPassApp Password for 'https://vita.mambetova@innersource.accenture.com': 

Host: Intel(R) Core(TM) i5-8365U CPU @ 1.60GHz, 8 cores, 7G,  Windows 11 , 64 bit Build 22000 (10.0.22000.1335)
Time: Tue Jan 24 12:51:50 2023 FLE Standard Time elapsed time: 0.049177 seconds (0d 0h 0m 0s)

---------------  T H R E A D  ---------------

Current thread (0x0000027a02a990e0):  JavaThread "Unknown thread" [_thread_in_vm, id=25268, stack(0x0000008d27400000,0x0000008d27500000)]

Stack: [0x0000008d27400000,0x0000008d27500000]
Native frames: (J=compiled Java code, j=interpreted, Vv=VM code, C=native code)
V  [jvm.dll+0x6830ca]
V  [jvm.dll+0x83f4c4]
V  [jvm.dll+0x840c6e]
V  [jvm.dll+0x8412d3]
V  [jvm.dll+0x2490b5]
V  [jvm.dll+0x67ff99]
V  [jvm.dll+0x6744aa]
V  [jvm.dll+0x308f2b]
V  [jvm.dll+0x3103e6]
V  [jvm.dll+0x36013e]
V  [jvm.dll+0x36036f]
V  [jvm.dll+0x2df018]
V  [jvm.dll+0x2dff84]
V  [jvm.dll+0x810d91]
V  [jvm.dll+0x36df31]
V  [jvm.dll+0x7f028c]
V  [jvm.dll+0x3f0cbf]
V  [jvm.dll+0x3f2801]
C  [jli.dll+0x526b]
C  [ucrtbase.dll+0x26c0c]
C  [KERNEL32.DLL+0x155a0]
C  [ntdll.dll+0x485b]


---------------  P R O C E S S  ---------------

Threads class SMR info:
_java_thread_list=0x00007ffd54758f98, length=0, elements={
}

Java Threads: ( => current thread )

Other Threads:
  0x0000027a02af21c0 GCTaskThread "GC Thread#0" [stack: 0x0000008d27500000,0x0000008d27600000] [id=17988]
  0x0000027a02b04a20 ConcurrentGCThread "G1 Main Marker" [stack: 0x0000008d27600000,0x0000008d27700000] [id=24116]
  0x0000027a02b064b0 ConcurrentGCThread "G1 Conc#0" [stack: 0x0000008d27700000,0x0000008d27800000] [id=37016]

[error occurred during error reporting (printing all threads), id 0xc0000005, EXCEPTION_ACCESS_VIOLATION (0xc0000005) at pc=0x00007ffd53f0fbd7]

VM state: not at safepoint (not fully initialized)

VM Mutex/Monitor currently owned by a thread:  ([mutex/lock_event])
[0x0000027a0072e1c0] Heap_lock - owner thread: 0x0000027a02a990e0

Heap address: 0x0000000083000000, size: 2000 MB, Compressed Oops mode: 32-bit

CDS archive(s) mapped at: [0x0000000000000000-0x0000000000000000-0x0000000000000000), size 0, SharedBaseAddress: 0x0000000800000000, ArchiveRelocationMode: 0.
Narrow klass base: 0x0000000000000000, Narrow klass shift: 0, Narrow klass range: 0x0

GC Precious Log:
<Empty>

Heap:
 garbage-first heap   total 0K, used 0K [0x0000000083000000, 0x0000000100000000)
  region size 1024K, 0 young (0K), 0 survivors (0K)

[error occurred during error reporting (printing heap information), id 0xc0000005, EXCEPTION_ACCESS_VIOLATION (0xc0000005) at pc=0x00007ffd542fcd59]

GC Heap History (0 events):
No events

Dll operation events (1 events):
Event: 0.035 Loaded shared library C:\Users\vita.mambetova\AppData\Local\JetBrains\Toolbox\apps\IDEA-C\ch-0\223.8214.52\jbr\bin\java.dll

Deoptimization events (0 events):
No events

Classes unloaded (0 events):
No events

Classes redefined (0 events):
No events

Internal exceptions (0 events):
No events

VM Operations (0 events):
No events

Events (0 events):
No events


Dynamic libraries:
0x00007ff7bebb0000 - 0x00007ff7bebba000 	C:\Users\vita.mambetova\AppData\Local\JetBrains\Toolbox\apps\IDEA-C\ch-0\223.8214.52\jbr\bin\java.exe
0x00007ffdb82c0000 - 0x00007ffdb84c9000 	C:\windows\SYSTEM32\ntdll.dll
0x00007ffdb7f40000 - 0x00007ffdb7ffe000 	C:\windows\System32\KERNEL32.DLL
0x00007ffdb5790000 - 0x00007ffdb5b0b000 	C:\windows\System32\KERNELBASE.dll
0x00007ffdb6e20000 - 0x00007ffdb6ece000 	C:\windows\System32\ADVAPI32.DLL
0x00007ffdb6ac0000 - 0x00007ffdb6b63000 	C:\windows\System32\msvcrt.dll
0x00007ffdb7a20000 - 0x00007ffdb7abe000 	C:\windows\System32\sechost.dll
0x00007ffdb6160000 - 0x00007ffdb6280000 	C:\windows\System32\RPCRT4.dll
0x00007ffdb5dd0000 - 0x00007ffdb5ee1000 	C:\windows\System32\ucrtbase.dll
0x00007ffd55e70000 - 0x00007ffd55e87000 	C:\Users\vita.mambetova\AppData\Local\JetBrains\Toolbox\apps\IDEA-C\ch-0\223.8214.52\jbr\bin\jli.dll
0x00007ffdb32a0000 - 0x00007ffdb32bb000 	C:\Users\vita.mambetova\AppData\Local\JetBrains\Toolbox\apps\IDEA-C\ch-0\223.8214.52\jbr\bin\VCRUNTIME140.dll
0x00007ffdb6c70000 - 0x00007ffdb6e1d000 	C:\windows\System32\USER32.dll
0x00007ffdb5c80000 - 0x00007ffdb5ca6000 	C:\windows\System32\win32u.dll
0x00007ffdb79d0000 - 0x00007ffdb79f9000 	C:\windows\System32\GDI32.dll
0x00007ffdb5cb0000 - 0x00007ffdb5dc8000 	C:\windows\System32\gdi32full.dll
0x00007ffd9a140000 - 0x00007ffd9a3e5000 	C:\windows\WinSxS\amd64_microsoft.windows.common-controls_6595b64144ccf1df_6.0.22000.120_none_9d947278b86cc467\COMCTL32.dll
0x00007ffdb5fb0000 - 0x00007ffdb604d000 	C:\windows\System32\msvcp_win.dll
0x00007ffdb7e30000 - 0x00007ffdb7e62000 	C:\windows\System32\IMM32.DLL
0x00007ffdb4f80000 - 0x00007ffdb5082000 	C:\Program Files\Avecto\Privilege Guard Client\PGHook.dll
0x0000000068000000 - 0x0000000068073000 	C:\windows\System32\QIPCAP64.dll
0x00007ffdb6280000 - 0x00007ffdb6a37000 	C:\windows\System32\SHELL32.dll
0x00007ffdb4100000 - 0x00007ffdb41e8000 	C:\windows\SYSTEM32\DNSAPI.dll
0x00007ffdb40d0000 - 0x00007ffdb40fd000 	C:\windows\SYSTEM32\IPHLPAPI.DLL
0x00007ffdb7a10000 - 0x00007ffdb7a19000 	C:\windows\System32\NSI.dll
0x00007ffdb3280000 - 0x00007ffdb328c000 	C:\Users\vita.mambetova\AppData\Local\JetBrains\Toolbox\apps\IDEA-C\ch-0\223.8214.52\jbr\bin\vcruntime140_1.dll
0x00007ffd92c10000 - 0x00007ffd92c9d000 	C:\Users\vita.mambetova\AppData\Local\JetBrains\Toolbox\apps\IDEA-C\ch-0\223.8214.52\jbr\bin\msvcp140.dll
0x00007ffd53c20000 - 0x00007ffd5488b000 	C:\Users\vita.mambetova\AppData\Local\JetBrains\Toolbox\apps\IDEA-C\ch-0\223.8214.52\jbr\bin\server\jvm.dll
0x00007ffd94940000 - 0x00007ffd94949000 	C:\windows\SYSTEM32\WSOCK32.dll
0x00007ffdb8060000 - 0x00007ffdb80cf000 	C:\windows\System32\WS2_32.dll
0x00007ffdace30000 - 0x00007ffdace63000 	C:\windows\SYSTEM32\WINMM.dll
0x00007ffdab690000 - 0x00007ffdab69a000 	C:\windows\SYSTEM32\VERSION.dll
0x00007ffdb45a0000 - 0x00007ffdb45b8000 	C:\windows\SYSTEM32\kernel.appcore.dll
0x00007ffd81400000 - 0x00007ffd8140a000 	C:\Users\vita.mambetova\AppData\Local\JetBrains\Toolbox\apps\IDEA-C\ch-0\223.8214.52\jbr\bin\jimage.dll
0x00007ffdb3c80000 - 0x00007ffdb3ea1000 	C:\windows\SYSTEM32\DBGHELP.DLL
0x00007ffd93030000 - 0x00007ffd93061000 	C:\windows\SYSTEM32\dbgcore.DLL
0x00007ffdb60c0000 - 0x00007ffdb613f000 	C:\windows\System32\bcryptPrimitives.dll
0x00007ffd565c0000 - 0x00007ffd565e5000 	C:\Users\vita.mambetova\AppData\Local\JetBrains\Toolbox\apps\IDEA-C\ch-0\223.8214.52\jbr\bin\java.dll

dbghelp: loaded successfully - version: 4.0.5 - missing functions: none
symbol engine: initialized successfully - sym options: 0x614 - pdb path: .;C:\Users\vita.mambetova\AppData\Local\JetBrains\Toolbox\apps\IDEA-C\ch-0\223.8214.52\jbr\bin;C:\windows\SYSTEM32;C:\windows\WinSxS\amd64_microsoft.windows.common-controls_6595b64144ccf1df_6.0.22000.120_none_9d947278b86cc467;C:\Program Files\Avecto\Privilege Guard Client;C:\Users\vita.mambetova\AppData\Local\JetBrains\Toolbox\apps\IDEA-C\ch-0\223.8214.52\jbr\bin\server

VM Arguments:
java_command: git4idea.http.GitAskPassApp Password for 'https://vita.mambetova@innersource.accenture.com': 
java_class_path (initial): C:/Users/vita.mambetova/AppData/Local/JetBrains/Toolbox/apps/IDEA-C/ch-0/223.8214.52/plugins/vcs-git/lib/git4idea-rt.jar;C:/Users/vita.mambetova/AppData/Local/JetBrains/Toolbox/apps/IDEA-C/ch-0/223.8214.52/lib/externalProcess-rt.jar;C:/Users/vita.mambetova/AppData/Local/JetBrains/Toolbox/apps/IDEA-C/ch-0/223.8214.52/lib/app.jar;C:/Users/vita.mambetova/AppData/Local/JetBrains/Toolbox/apps/IDEA-C/ch-0/223.8214.52/lib/3rd-party-rt.jar
Launcher Type: SUN_STANDARD

[Global flags]
     intx CICompilerCount                          = 4                                         {product} {ergonomic}
     uint ConcGCThreads                            = 2                                         {product} {ergonomic}
     uint G1ConcRefinementThreads                  = 8                                         {product} {ergonomic}
   size_t G1HeapRegionSize                         = 1048576                                   {product} {ergonomic}
    uintx GCDrainStackTargetSize                   = 64                                        {product} {ergonomic}
   size_t InitialHeapSize                          = 132120576                                 {product} {ergonomic}
   size_t MarkStackSize                            = 4194304                                   {product} {ergonomic}
   size_t MaxHeapSize                              = 2097152000                                {product} {ergonomic}
   size_t MinHeapDeltaBytes                        = 1048576                                   {product} {ergonomic}
   size_t MinHeapSize                              = 8388608                                   {product} {ergonomic}
    uintx NonNMethodCodeHeapSize                   = 5839372                                {pd product} {ergonomic}
    uintx NonProfiledCodeHeapSize                  = 122909434                              {pd product} {ergonomic}
    uintx ProfiledCodeHeapSize                     = 122909434                              {pd product} {ergonomic}
    uintx ReservedCodeCacheSize                    = 251658240                              {pd product} {ergonomic}
     bool SegmentedCodeCache                       = true                                      {product} {ergonomic}
   size_t SoftMaxHeapSize                          = 2097152000                             {manageable} {ergonomic}
     bool UseCompressedClassPointers               = true                           {product lp64_product} {ergonomic}
     bool UseCompressedOops                        = true                           {product lp64_product} {ergonomic}
     bool UseG1GC                                  = true                                      {product} {ergonomic}
     bool UseLargePagesIndividualAllocation        = false                                  {pd product} {ergonomic}

Logging:
Log output configuration:
 #0: stdout all=warning uptime,level,tags
 #1: stderr all=off uptime,level,tags

Environment Variables:
JAVA_HOME=C:\Users\vita.mambetova\.jdks\corretto-1.8.0_352
PATH=C:/Users/vita.mambetova/AppData/Local/Programs/Git/mingw64/libexec/git-core;C:/Users/vita.mambetova/AppData/Local/Programs/Git/mingw64/libexec/git-core;C:\Users\vita.mambetova\AppData\Local\Programs\Git\mingw64\bin;C:\Users\vita.mambetova\AppData\Local\Programs\Git\usr\bin;C:\Users\vita.mambetova\bin;C:\Program Files\Common Files\Oracle\Java\javapath;C:\Program Files\Amazon Corretto\jdk17.0.4_9\bin;C:\windows\system32;C:\windows;C:\windows\System32\Wbem;C:\windows\System32\WindowsPowerShell\v1.0\;C:\windows\System32\OpenSSH\;C:\Program Files (x86)\Pulse Secure\VC142.CRT\X64\;C:\Program Files (x86)\Pulse Secure\VC142.CRT\X86\;C:\Program Files (x86)\Common Files\Pulse Secure\VC142.CRT\X64\;C:\Program Files (x86)\Common Files\Pulse Secure\VC142.CRT\X86\;C:\Program Files\Java\jdk-18.0.2.1\bin;C:\apache-maven-3.8.6-bin\apache-maven-3.8.6\bin;C:\Users\vita.mambetova\AppData\Local\Microsoft\WindowsApps;C:\Users\vita.mambetova\AppData\Local\Programs\Git\cmd;C:\Users\vita.mambetova\AppData\Local\JetBrains\Toolbox\scripts;C:\Users\vita.mambetova\AppData\Local\GitHubDesktop\bin
USERNAME=vita.mambetova
DISPLAY=:0.0
LC_ALL=en_US.UTF-8
TERM=xterm-256color
TMPDIR=C:\Users\VITA~1.MAM\AppData\Local\Temp
OS=Windows_NT
PROCESSOR_IDENTIFIER=Intel64 Family 6 Model 142 Stepping 12, GenuineIntel
TMP=C:\Users\VITA~1.MAM\AppData\Local\Temp
TEMP=C:\Users\VITA~1.MAM\AppData\Local\Temp



---------------  S Y S T E M  ---------------

OS:
 Windows 11 , 64 bit Build 22000 (10.0.22000.1335)
OS uptime: 7 days 23:40 hours
Hyper-V role detected

CPU: total 8 (initial active 8) (4 cores per cpu, 2 threads per core) family 6 model 142 stepping 12 microcode 0xf0, cx8, cmov, fxsr, ht, mmx, 3dnowpref, sse, sse2, sse3, ssse3, sse4.1, sse4.2, popcnt, lzcnt, tsc, tscinvbit, avx, avx2, aes, erms, clmul, bmi1, bmi2, adx, fma, vzeroupper, clflush, clflushopt, hv

Memory: 4k page, system-wide physical 7998M (280M free)
TotalPageFile size 23030M (AvailPageFile size 105M)
current process WorkingSet (physical memory assigned to process): 12M, peak: 12M
current process commit charge ("private bytes"): 61M, peak: 187M

vm_info: OpenJDK 64-Bit Server VM (17.0.5+1-b653.23) for windows-amd64 JRE (17.0.5+1-b653.23), built on 2022-12-12 by "builduser" with MS VC++ 16.10 / 16.11 (VS2019)

END.
